<?xml version="1.0" encoding="UTF-8"?>
<!-- Generated by org.testng.reporters.JUnitReportReporter -->
<testsuite hostname="DESKTOP-M9LBF94" failures="0" tests="1" name="namratadata.SeleniumFrameworkDesign.ExtentExample" time="8.272" errors="0" timestamp="2025-07-23T19:07:27 IST" skipped="0">
  <testcase classname="namratadata.SeleniumFrameworkDesign.ExtentExample" name="ExtentClass" time="8.272"/>
</testsuite> <!-- namratadata.SeleniumFrameworkDesign.ExtentExample -->
